2022-02-10 19:04:19 [scrapy] DEBUG: Crawled (200) <GET https://www.google.com/search?q=%D0%B0%D0%BD%D0%B3%D0%B5%D0%BB%D1%8B%20%D1%83%20%D1%82%D1%80%D0%BE%D0%BD%D0%B0%20%22holychords%22> (referer: None)
2022-02-10 19:04:20 [scrapy] DEBUG: Redirecting (302) to <GET https://holychords.com/420> from <GET https://www.google.com/url?q=https://holychords.com/420&sa=U&ved=2ahUKEwinzIeHz_X1AhWMLZQKHYErBxIQFnoECAIQAg&usg=AOvVaw2q3ZG0pJw6kxsO4E9UmtQe>
2022-02-10 19:04:20 [scrapy] DEBUG: Crawled (200) <GET https://holychords.com/420> (referer: https://www.google.com/search?q=%D0%B0%D0%BD%D0%B3%D0%B5%D0%BB%D1%8B%20%D1%83%20%D1%82%D1%80%D0%BE%D0%BD%D0%B0%20%22holychords%22)
2022-02-10 19:04:20 [scrapy] DEBUG: Scraped from <200 https://holychords.com/420>
{'song_name': 'Святой Царь', 'song_text': '1 куплет:C#m                        A          H          C#m Ангелы трона Твоего, Твоего поют.C#m                         A                 H                   C#m Живому слову Твоему возносят всю хвалу:Припев:    A  H "Святой!                  A  HТы - Бог Святой!                  A  HТы - Бог Святой!              C#m Ты - наш Царь!2 куплет: C#m                                 A                   H                            C#m Старцы, склоняясь у ног Твоих, у ног Твоих преклоняются.       C#m              A                        H                          C#m Творения все на Земле склоняются перед Тобой (Ты Бог)!C#m  A  H  C#m О-о-о-о Иисус, как Ты Велик, как Ты велик. Всемогущий, Бог мой.      A  H       A  H        A  H              A  HСвятой, Святой, Святой, Ты - Святой!Ты - Бог Святой, как Ты велик, как Ты велик!Святой, Святой. Святой, Святой Бог мой, люблю Тебя я! Ты - Бог Святой, Иисус мой. О, нет подобного Тебе!Ты - Бог Святой, Иисус. Ты - Бог, Великий Бог, Великий Бог. О, Ты - Бог Святой Иисус. О, нет подобного Тебе, Иисус!                    C#m  A           H              C#m О, Ты - наш Царь! Ты - царь, Бог!'}
2022-02-10 19:04:20 [scrapy] INFO: Closing spider (finished)
2022-02-10 19:04:20 [scrapy] INFO: Dumping Scrapy stats:
{'downloader/request_bytes': 1360,
 'downloader/request_count': 3,
 'downloader/request_method_count/GET': 3,
 'downloader/response_bytes': 38244,
 'downloader/response_count': 3,
 'downloader/response_status_count/200': 2,
 'downloader/response_status_count/302': 1,
 'elapsed_time_seconds': 1.347937,
 'finish_reason': 'finished',
 'finish_time': datetime.datetime(2022, 2, 10, 17, 4, 20, 425200),
 'httpcompression/response_bytes': 143324,
 'httpcompression/response_count': 2,
 'item_scraped_count': 1,
 'log_count/DEBUG': 4,
 'log_count/INFO': 7,
 'request_depth_max': 1,
 'response_received_count': 2,
 'scheduler/dequeued': 3,
 'scheduler/dequeued/memory': 3,
 'scheduler/enqueued': 3,
 'scheduler/enqueued/memory': 3,
 'start_time': datetime.datetime(2022, 2, 10, 17, 4, 19, 77263)}
2022-02-10 19:04:20 [scrapy] INFO: Spider closed (finished)
